<?xml version="1.0" encoding="UTF-8"?>
<testsuite name="xyz.thingummy.oss.model.SpecificationTest" tests="9" skipped="0" failures="0" errors="0" timestamp="2023-11-15T21:39:58" hostname="Reykjavik" time="0.051">
  <properties/>
  <testcase name="test_EstSatisfaitePar()" classname="xyz.thingummy.oss.model.SpecificationTest" time="0.019"/>
  <testcase name="test_Et()" classname="xyz.thingummy.oss.model.SpecificationTest" time="0.004"/>
  <testcase name="test_Ou()" classname="xyz.thingummy.oss.model.SpecificationTest" time="0.003"/>
  <testcase name="test_Avec()" classname="xyz.thingummy.oss.model.SpecificationTest" time="0.004"/>
  <testcase name="test_OuX()" classname="xyz.thingummy.oss.model.SpecificationTest" time="0.002"/>
  <testcase name="test_MethodesStatiques()" classname="xyz.thingummy.oss.model.SpecificationTest" time="0.003"/>
  <testcase name="test_Et_MultiplePredicates()" classname="xyz.thingummy.oss.model.SpecificationTest" time="0.003"/>
  <testcase name="test_Ou_MultiplePredicates()" classname="xyz.thingummy.oss.model.SpecificationTest" time="0.002"/>
  <testcase name="test_EtNon()" classname="xyz.thingummy.oss.model.SpecificationTest" time="0.003"/>
  <system-out><![CDATA[]]></system-out>
  <system-err><![CDATA[]]></system-err>
</testsuite>
